# JRE version: OpenJDK Runtime Environment (11.0.11+9) (build 11.0.11+9-b60-7590822)
# Java VM: OpenJDK 64-Bit Server VM (11.0.11+9-b60-7590822, mixed mode, tiered, compressed oops, g1 gc, windows-amd64)
Heap:
 garbage-first heap   total 129024K, used 24066K [0x0000000080000000, 0x0000000100000000)
  region size 1024K, 7 young (7168K), 4 survivors (4096K)
 Metaspace       used 35474K, capacity 36242K, committed 36432K, reserved 1081344K
  class space    used 4614K, capacity 4927K, committed 4992K, reserved 1048576K
GC Heap History (10 events):
Event: 1.486 GC heap before
{Heap before GC invocations=0 (full 0):
 garbage-first heap   total 129024K, used 29696K [0x0000000080000000, 0x0000000100000000)
  region size 1024K, 24 young (24576K), 0 survivors (0K)
 Metaspace       used 10199K, capacity 10435K, committed 10624K, reserved 1058816K
  class space    used 1067K, capacity 1138K, committed 1152K, reserved 1048576K
}
Event: 1.490 GC heap after
{Heap after GC invocations=1 (full 0):
 garbage-first heap   total 129024K, used 9409K [0x0000000080000000, 0x0000000100000000)
  region size 1024K, 3 young (3072K), 3 survivors (3072K)
 Metaspace       used 10199K, capacity 10435K, committed 10624K, reserved 1058816K
  class space    used 1067K, capacity 1138K, committed 1152K, reserved 1048576K
}
Event: 3.083 GC heap before
{Heap before GC invocations=1 (full 0):
 garbage-first heap   total 129024K, used 80065K [0x0000000080000000, 0x0000000100000000)
  region size 1024K, 72 young (73728K), 3 survivors (3072K)
 Metaspace       used 17368K, capacity 17748K, committed 17792K, reserved 1064960K
  class space    used 2039K, capacity 2155K, committed 2176K, reserved 1048576K
}
Event: 3.088 GC heap after
{Heap after GC invocations=2 (full 0):
 garbage-first heap   total 129024K, used 16299K [0x0000000080000000, 0x0000000100000000)
  region size 1024K, 9 young (9216K), 9 survivors (9216K)
 Metaspace       used 17368K, capacity 17748K, committed 17792K, reserved 1064960K
  class space    used 2039K, capacity 2155K, committed 2176K, reserved 1048576K
}
Event: 3.360 GC heap before
{Heap before GC invocations=2 (full 0):
 garbage-first heap   total 129024K, used 44971K [0x0000000080000000, 0x0000000100000000)
  region size 1024K, 38 young (38912K), 9 survivors (9216K)
 Metaspace       used 20652K, capacity 21116K, committed 21296K, reserved 1069056K
  class space    used 2535K, capacity 2660K, committed 2688K, reserved 1048576K
}
Event: 3.368 GC heap after
{Heap after GC invocations=3 (full 0):
 garbage-first heap   total 129024K, used 17237K [0x0000000080000000, 0x0000000100000000)
  region size 1024K, 2 young (2048K), 2 survivors (2048K)
 Metaspace       used 20652K, capacity 21116K, committed 21296K, reserved 1069056K
  class space    used 2535K, capacity 2660K, committed 2688K, reserved 1048576K
}
Event: 3.900 GC heap before
{Heap before GC invocations=4 (full 0):
 garbage-first heap   total 129024K, used 68437K [0x0000000080000000, 0x0000000100000000)
  region size 1024K, 52 young (53248K), 2 survivors (2048K)
 Metaspace       used 25932K, capacity 26584K, committed 26752K, reserved 1073152K
  class space    used 3396K, capacity 3617K, committed 3712K, reserved 1048576K
}
Event: 3.903 GC heap after
{Heap after GC invocations=5 (full 0):
 garbage-first heap   total 129024K, used 19035K [0x0000000080000000, 0x0000000100000000)
  region size 1024K, 4 young (4096K), 4 survivors (4096K)
 Metaspace       used 25932K, capacity 26584K, committed 26752K, reserved 1073152K
  class space    used 3396K, capacity 3617K, committed 3712K, reserved 1048576K
}
Event: 4.651 GC heap before
{Heap before GC invocations=5 (full 0):
 garbage-first heap   total 129024K, used 75355K [0x0000000080000000, 0x0000000100000000)
  region size 1024K, 59 young (60416K), 4 survivors (4096K)
 Metaspace       used 33067K, capacity 33750K, committed 33792K, reserved 1079296K
  class space    used 4315K, capacity 4607K, committed 4608K, reserved 1048576K
}
Event: 4.656 GC heap after
{Heap after GC invocations=6 (full 0):
 garbage-first heap   total 129024K, used 21938K [0x0000000080000000, 0x0000000100000000)
  region size 1024K, 6 young (6144K), 6 survivors (6144K)
 Metaspace       used 33067K, capacity 33750K, committed 33792K, reserved 1079296K
  class space    used 4315K, capacity 4607K, committed 4608K, reserved 1048576K
}

