# JRE version: OpenJDK Runtime Environment (11.0.11+9) (build 11.0.11+9-b60-7590822)
# Java VM: OpenJDK 64-Bit Server VM (11.0.11+9-b60-7590822, mixed mode, tiered, compressed oops, g1 gc, windows-amd64)
Heap:
 garbage-first heap   total 155648K, used 50936K [0x0000000080000000, 0x0000000100000000)
  region size 1024K, 13 young (13312K), 10 survivors (10240K)
 Metaspace       used 49135K, capacity 50575K, committed 50816K, reserved 1093632K
  class space    used 6281K, capacity 6778K, committed 6784K, reserved 1048576K
GC Heap History (14 events):
Event: 0.553 GC heap before
{Heap before GC invocations=0 (full 0):
 garbage-first heap   total 129024K, used 29696K [0x0000000080000000, 0x0000000100000000)
  region size 1024K, 24 young (24576K), 0 survivors (0K)
 Metaspace       used 10186K, capacity 10435K, committed 10624K, reserved 1058816K
  class space    used 1067K, capacity 1138K, committed 1152K, reserved 1048576K
}
Event: 0.557 GC heap after
{Heap after GC invocations=1 (full 0):
 garbage-first heap   total 129024K, used 10024K [0x0000000080000000, 0x0000000100000000)
  region size 1024K, 3 young (3072K), 3 survivors (3072K)
 Metaspace       used 10186K, capacity 10435K, committed 10624K, reserved 1058816K
  class space    used 1067K, capacity 1138K, committed 1152K, reserved 1048576K
}
Event: 1.964 GC heap before
{Heap before GC invocations=1 (full 0):
 garbage-first heap   total 129024K, used 83752K [0x0000000080000000, 0x0000000100000000)
  region size 1024K, 75 young (76800K), 3 survivors (3072K)
 Metaspace       used 17565K, capacity 18004K, committed 18176K, reserved 1064960K
  class space    used 2077K, capacity 2219K, committed 2304K, reserved 1048576K
}
Event: 1.969 GC heap after
{Heap after GC invocations=2 (full 0):
 garbage-first heap   total 129024K, used 16778K [0x0000000080000000, 0x0000000100000000)
  region size 1024K, 10 young (10240K), 10 survivors (10240K)
 Metaspace       used 17565K, capacity 18004K, committed 18176K, reserved 1064960K
  class space    used 2077K, capacity 2219K, committed 2304K, reserved 1048576K
}
Event: 2.184 GC heap before
{Heap before GC invocations=2 (full 0):
 garbage-first heap   total 129024K, used 42378K [0x0000000080000000, 0x0000000100000000)
  region size 1024K, 36 young (36864K), 10 survivors (10240K)
 Metaspace       used 20642K, capacity 21116K, committed 21296K, reserved 1069056K
  class space    used 2535K, capacity 2660K, committed 2688K, reserved 1048576K
}
Event: 2.191 GC heap after
{Heap after GC invocations=3 (full 0):
 garbage-first heap   total 129024K, used 17312K [0x0000000080000000, 0x0000000100000000)
  region size 1024K, 2 young (2048K), 2 survivors (2048K)
 Metaspace       used 20642K, capacity 21116K, committed 21296K, reserved 1069056K
  class space    used 2535K, capacity 2660K, committed 2688K, reserved 1048576K
}
Event: 2.634 GC heap before
{Heap before GC invocations=4 (full 0):
 garbage-first heap   total 129024K, used 72608K [0x0000000080000000, 0x0000000100000000)
  region size 1024K, 57 young (58368K), 2 survivors (2048K)
 Metaspace       used 26262K, capacity 26942K, committed 27008K, reserved 1073152K
  class space    used 3442K, capacity 3651K, committed 3712K, reserved 1048576K
}
Event: 2.638 GC heap after
{Heap after GC invocations=5 (full 0):
 garbage-first heap   total 129024K, used 19273K [0x0000000080000000, 0x0000000100000000)
  region size 1024K, 3 young (3072K), 3 survivors (3072K)
 Metaspace       used 26262K, capacity 26942K, committed 27008K, reserved 1073152K
  class space    used 3442K, capacity 3651K, committed 3712K, reserved 1048576K
}
Event: 3.277 GC heap before
{Heap before GC invocations=5 (full 0):
 garbage-first heap   total 129024K, used 75593K [0x0000000080000000, 0x0000000100000000)
  region size 1024K, 59 young (60416K), 3 survivors (3072K)
 Metaspace       used 35113K, capacity 35826K, committed 35968K, reserved 1081344K
  class space    used 4589K, capacity 4895K, committed 4992K, reserved 1048576K
}
Event: 3.285 GC heap after
{Heap after GC invocations=6 (full 0):
 garbage-first heap   total 129024K, used 22745K [0x0000000080000000, 0x0000000100000000)
  region size 1024K, 7 young (7168K), 7 survivors (7168K)
 Metaspace       used 35113K, capacity 35826K, committed 35968K, reserved 1081344K
  class space    used 4589K, capacity 4895K, committed 4992K, reserved 1048576K
}
Event: 3.873 GC heap before
{Heap before GC invocations=7 (full 0):
 garbage-first heap   total 129024K, used 88281K [0x0000000080000000, 0x0000000100000000)
  region size 1024K, 68 young (69632K), 7 survivors (7168K)
 Metaspace       used 40914K, capacity 41838K, committed 42112K, reserved 1085440K
  class space    used 5288K, capacity 5650K, committed 5760K, reserved 1048576K
}
Event: 3.881 GC heap after
{Heap after GC invocations=8 (full 0):
 garbage-first heap   total 129024K, used 27129K [0x0000000080000000, 0x0000000100000000)
  region size 1024K, 8 young (8192K), 8 survivors (8192K)
 Metaspace       used 40914K, capacity 41838K, committed 42112K, reserved 1085440K
  class space    used 5288K, capacity 5650K, committed 5760K, reserved 1048576K
}
Event: 4.371 GC heap before
{Heap before GC invocations=8 (full 0):
 garbage-first heap   total 129024K, used 89593K [0x0000000080000000, 0x0000000100000000)
  region size 1024K, 69 young (70656K), 8 survivors (8192K)
 Metaspace       used 45634K, capacity 46716K, committed 46976K, reserved 1089536K
  class space    used 5874K, capacity 6255K, committed 6272K, reserved 1048576K
}
Event: 4.379 GC heap after
{Heap after GC invocations=9 (full 0):
 garbage-first heap   total 155648K, used 29850K [0x0000000080000000, 0x0000000100000000)
  region size 1024K, 7 young (7168K), 7 survivors (7168K)
 Metaspace       used 45634K, capacity 46716K, committed 46976K, reserved 1089536K
  class space    used 5874K, capacity 6255K, committed 6272K, reserved 1048576K
}

