# JRE version: OpenJDK Runtime Environment (11.0.11+9) (build 11.0.11+9-b60-7590822)
# Java VM: OpenJDK 64-Bit Server VM (11.0.11+9-b60-7590822, mixed mode, tiered, compressed oops, g1 gc, windows-amd64)
Heap:
 garbage-first heap   total 155648K, used 95232K [0x0000000080000000, 0x0000000100000000)
  region size 1024K, 57 young (58368K), 11 survivors (11264K)
 Metaspace       used 57758K, capacity 59276K, committed 59340K, reserved 1101824K
  class space    used 7354K, capacity 7906K, committed 7936K, reserved 1048576K
GC Heap History (16 events):
Event: 0.553 GC heap before
{Heap before GC invocations=0 (full 0):
 garbage-first heap   total 129024K, used 29696K [0x0000000080000000, 0x0000000100000000)
  region size 1024K, 24 young (24576K), 0 survivors (0K)
 Metaspace       used 10186K, capacity 10435K, committed 10624K, reserved 1058816K
  class space    used 1067K, capacity 1138K, committed 1152K, reserved 1048576K
}
Event: 0.557 GC heap after
{Heap after GC invocations=1 (full 0):
 garbage-first heap   total 129024K, used 9896K [0x0000000080000000, 0x0000000100000000)
  region size 1024K, 3 young (3072K), 3 survivors (3072K)
 Metaspace       used 10186K, capacity 10435K, committed 10624K, reserved 1058816K
  class space    used 1067K, capacity 1138K, committed 1152K, reserved 1048576K
}
Event: 1.925 GC heap before
{Heap before GC invocations=1 (full 0):
 garbage-first heap   total 129024K, used 83624K [0x0000000080000000, 0x0000000100000000)
  region size 1024K, 75 young (76800K), 3 survivors (3072K)
 Metaspace       used 17554K, capacity 18004K, committed 18176K, reserved 1064960K
  class space    used 2078K, capacity 2219K, committed 2304K, reserved 1048576K
}
Event: 1.931 GC heap after
{Heap after GC invocations=2 (full 0):
 garbage-first heap   total 129024K, used 16252K [0x0000000080000000, 0x0000000100000000)
  region size 1024K, 10 young (10240K), 10 survivors (10240K)
 Metaspace       used 17554K, capacity 18004K, committed 18176K, reserved 1064960K
  class space    used 2078K, capacity 2219K, committed 2304K, reserved 1048576K
}
Event: 2.152 GC heap before
{Heap before GC invocations=2 (full 0):
 garbage-first heap   total 129024K, used 42876K [0x0000000080000000, 0x0000000100000000)
  region size 1024K, 37 young (37888K), 10 survivors (10240K)
 Metaspace       used 20687K, capacity 21093K, committed 21248K, reserved 1067008K
  class space    used 2547K, capacity 2695K, committed 2816K, reserved 1048576K
}
Event: 2.159 GC heap after
{Heap after GC invocations=3 (full 0):
 garbage-first heap   total 129024K, used 17848K [0x0000000080000000, 0x0000000100000000)
  region size 1024K, 2 young (2048K), 2 survivors (2048K)
 Metaspace       used 20687K, capacity 21093K, committed 21248K, reserved 1067008K
  class space    used 2547K, capacity 2695K, committed 2816K, reserved 1048576K
}
Event: 2.734 GC heap before
{Heap before GC invocations=4 (full 0):
 garbage-first heap   total 129024K, used 87480K [0x0000000080000000, 0x0000000100000000)
  region size 1024K, 70 young (71680K), 2 survivors (2048K)
 Metaspace       used 27348K, capacity 28010K, committed 28160K, reserved 1073152K
  class space    used 3612K, capacity 3839K, committed 3840K, reserved 1048576K
}
Event: 2.737 GC heap after
{Heap after GC invocations=5 (full 0):
 garbage-first heap   total 129024K, used 20088K [0x0000000080000000, 0x0000000100000000)
  region size 1024K, 4 young (4096K), 4 survivors (4096K)
 Metaspace       used 27348K, capacity 28010K, committed 28160K, reserved 1073152K
  class space    used 3612K, capacity 3839K, committed 3840K, reserved 1048576K
}
Event: 3.358 GC heap before
{Heap before GC invocations=5 (full 0):
 garbage-first heap   total 129024K, used 61048K [0x0000000080000000, 0x0000000100000000)
  region size 1024K, 45 young (46080K), 4 survivors (4096K)
 Metaspace       used 35074K, capacity 35794K, committed 35840K, reserved 1081344K
  class space    used 4568K, capacity 4863K, committed 4864K, reserved 1048576K
}
Event: 3.366 GC heap after
{Heap after GC invocations=6 (full 0):
 garbage-first heap   total 129024K, used 23014K [0x0000000080000000, 0x0000000100000000)
  region size 1024K, 7 young (7168K), 7 survivors (7168K)
 Metaspace       used 35074K, capacity 35794K, committed 35840K, reserved 1081344K
  class space    used 4568K, capacity 4863K, committed 4864K, reserved 1048576K
}
Event: 4.341 GC heap before
{Heap before GC invocations=7 (full 0):
 garbage-first heap   total 129024K, used 92646K [0x0000000080000000, 0x0000000100000000)
  region size 1024K, 73 young (74752K), 7 survivors (7168K)
 Metaspace       used 41312K, capacity 42278K, committed 42572K, reserved 1085440K
  class space    used 5348K, capacity 5690K, committed 5760K, reserved 1048576K
}
Event: 4.354 GC heap after
{Heap after GC invocations=8 (full 0):
 garbage-first heap   total 129024K, used 27490K [0x0000000080000000, 0x0000000100000000)
  region size 1024K, 8 young (8192K), 8 survivors (8192K)
 Metaspace       used 41312K, capacity 42278K, committed 42572K, reserved 1085440K
  class space    used 5348K, capacity 5690K, committed 5760K, reserved 1048576K
}
Event: 5.648 GC heap before
{Heap before GC invocations=8 (full 0):
 garbage-first heap   total 129024K, used 95074K [0x0000000080000000, 0x0000000100000000)
  region size 1024K, 73 young (74752K), 8 survivors (8192K)
 Metaspace       used 46339K, capacity 47427K, committed 47564K, reserved 1091584K
  class space    used 5957K, capacity 6363K, committed 6400K, reserved 1048576K
}
Event: 5.656 GC heap after
{Heap after GC invocations=9 (full 0):
 garbage-first heap   total 155648K, used 30711K [0x0000000080000000, 0x0000000100000000)
  region size 1024K, 8 young (8192K), 8 survivors (8192K)
 Metaspace       used 46339K, capacity 47427K, committed 47564K, reserved 1091584K
  class space    used 5957K, capacity 6363K, committed 6400K, reserved 1048576K
}
Event: 10.050 GC heap before
{Heap before GC invocations=9 (full 0):
 garbage-first heap   total 155648K, used 117751K [0x0000000080000000, 0x0000000100000000)
  region size 1024K, 86 young (88064K), 8 survivors (8192K)
 Metaspace       used 50787K, capacity 52129K, committed 52300K, reserved 1095680K
  class space    used 6477K, capacity 6955K, committed 7040K, reserved 1048576K
}
Event: 10.062 GC heap after
{Heap after GC invocations=10 (full 0):
 garbage-first heap   total 155648K, used 49152K [0x0000000080000000, 0x0000000100000000)
  region size 1024K, 11 young (11264K), 11 survivors (11264K)
 Metaspace       used 50787K, capacity 52129K, committed 52300K, reserved 1095680K
  class space    used 6477K, capacity 6955K, committed 7040K, reserved 1048576K
}

